#
# A fatal error has been detected by the Java Runtime Environment:
#
#  EXCEPTION_ACCESS_VIOLATION (0xc0000005) at pc=0x00007ff8de50f5ab, pid=23576, tid=25172
#
# JRE version: Java(TM) SE Runtime Environment (15.0.2+7) (build 15.0.2+7-27)
# Java VM: Java HotSpot(TM) 64-Bit Server VM (15.0.2+7-27, mixed mode, sharing, tiered, compressed oops, g1 gc, windows-amd64)
# Problematic frame:
# V  [jvm.dll+0x2cf5ab]
#
# No core dump will be written. Minidumps are not enabled by default on client versions of Windows
#
# If you would like to submit a bug report, please visit:
#   https://bugreport.java.com/bugreport/crash.jsp
#

---------------  S U M M A R Y ------------

Command Line: -javaagent:C:\Program Files\JetBrains\IntelliJ IDEA Community Edition 2020.3.2\lib\idea_rt.jar=49794:C:\Program Files\JetBrains\IntelliJ IDEA Community Edition 2020.3.2\bin -Dfile.encoding=UTF-8 com.job.expectation.ExpectationApplication

Host: Intel(R) Core(TM) i7-6600U CPU @ 2.60GHz, 4 cores, 15G,  Windows 10 , 64 bit Build 19041 (10.0.19041.1348)
Time: Wed Jan 12 21:16:23 2022 GMT Standard Time elapsed time: 29.238464 seconds (0d 0h 0m 29s)

---------------  T H R E A D  ---------------

Current thread (0x000002be70eead70):  GCTaskThread "GC Thread#1" [stack: 0x000000c010900000,0x000000c010a00000] [id=25172]

Stack: [0x000000c010900000,0x000000c010a00000],  sp=0x000000c0109ff270,  free space=1020k
Native frames: (J=compiled Java code, j=interpreted, Vv=VM code, C=native code)
V  [jvm.dll+0x2cf5ab]
V  [jvm.dll+0x2cf02e]
V  [jvm.dll+0x2dce17]
V  [jvm.dll+0x2deb37]
V  [jvm.dll+0x2dd32d]
V  [jvm.dll+0x2de6d1]
V  [jvm.dll+0x2aab68]
V  [jvm.dll+0x2acadd]
V  [jvm.dll+0x7adfc0]
V  [jvm.dll+0x73d75a]
V  [jvm.dll+0x629c56]
C  [ucrtbase.dll+0x21bb2]
C  [KERNEL32.DLL+0x17034]
C  [ntdll.dll+0x52651]


siginfo: EXCEPTION_ACCESS_VIOLATION (0xc0000005), reading address 0x0000000040000000


Register to memory mapping:

RIP=0x00007ff8de50f5ab jvm.dll
RAX=0x000002be4d2c395c points into unknown readable memory: 00 00 00 00
RBX=0x0000000702ef2979 is pointing into object: [Ljava.util.HashMap$Node; 
{0x0000000702ef2930} - klass: 'java/util/HashMap$Node'[]
 - length: 16
RCX=0x0 is NULL
RDX=0x0000000000000200 is an unknown value
RSP=0x000000c0109ff270 points into unknown readable memory: 0x0000000000005701 | 01 57 00 00 00 00 00 00
RBP=0x000002be713d4b50 points into unknown readable memory: 0x00007ff8deaca6f8 | f8 a6 ac de f8 7f 00 00
RSI=0x000000c0109ff530 points into unknown readable memory: 0x00007ff8deacb878 | 78 b8 ac de f8 7f 00 00
RDI=0x0000000702ef2978 is pointing into object: [Ljava.util.HashMap$Node; 
{0x0000000702ef2930} - klass: 'java/util/HashMap$Node'[]
 - length: 16
R8 =0x0000000702ef29d0 is an oop: java.util.LinkedHashMap 
{0x0000000702ef29d0} - klass: 'java/util/LinkedHashMap'
R9 =0x0000000000000001 is an unknown value
R10=0x0000000040000000 is an unknown value
R11=0x0000000702ef2930 is an oop: [Ljava.util.HashMap$Node; 
{0x0000000702ef2930} - klass: 'java/util/HashMap$Node'[]
 - length: 16
R12=0x0000000000000040 is an unknown value
R13=0x0 is NULL
R14=0x000002be4d297e10 points into unknown readable memory: 0x000003eb0000011e | 1e 01 00 00 eb 03 00 00
R15=0x000000000000011e is an unknown value


Registers:
RAX=0x000002be4d2c395c, RBX=0x0000000702ef2979, RCX=0x0000000000000000, RDX=0x0000000000000200
RSP=0x000000c0109ff270, RBP=0x000002be713d4b50, RSI=0x000000c0109ff530, RDI=0x0000000702ef2978
R8 =0x0000000702ef29d0, R9 =0x0000000000000001, R10=0x0000000040000000, R11=0x0000000702ef2930
R12=0x0000000000000040, R13=0x0000000000000000, R14=0x000002be4d297e10, R15=0x000000000000011e
RIP=0x00007ff8de50f5ab, EFLAGS=0x0000000000010246

Top of Stack: (sp=0x000000c0109ff270)
0x000000c0109ff270:   0000000000005701 00007ff8de510001
0x000000c0109ff280:   000000c0109ff530 0000000702c37900
0x000000c0109ff290:   0000000000000000 00007ff8de864c7f
0x000000c0109ff2a0:   000000c0109ff320 0000000000000000
0x000000c0109ff2b0:   000002be4d289e00 000000c0109ff530
0x000000c0109ff2c0:   000002be64ca4000 0000000000000001
0x000000c0109ff2d0:   000002be4d295260 000000c0109ff530
0x000000c0109ff2e0:   0000000000000000 0000000702c37800
0x000000c0109ff2f0:   000002be713d4b50 00007ff8de50f02e
0x000000c0109ff300:   00007ff8de240000 000002be00000000
0x000000c0109ff310:   0000000000000001 000002be4d295260
0x000000c0109ff320:   00000000116b8493 0000001314caf94c
0x000000c0109ff330:   000000c0109ff530 0000000702c37800
0x000000c0109ff340:   0000000000000040 00007ff8de51ce17
0x000000c0109ff350:   0000000702c37a28 000000c0109ff370
0x000000c0109ff360:   000000c0109ff380 000002be4d2ce960 

Instructions: (pc=0x00007ff8de50f5ab)
0x00007ff8de50f4ab:   00 00 00 00 00 48 8b 5d 10 44 8b bb 80 00 00 00
0x00007ff8de50f4bb:   4c 8d b3 00 01 00 00 41 8b 06 41 8b cf 2b c8 81
0x00007ff8de50f4cb:   e1 ff ff 01 00 41 3b cc 0f 86 d2 03 00 00 41 ff
0x00007ff8de50f4db:   cf 41 81 e7 ff ff 01 00 44 89 bb 80 00 00 00 e8
0x00007ff8de50f4eb:   41 d5 34 00 41 8b 06 41 8b cf 48 8b 9b 80 01 00
0x00007ff8de50f4fb:   00 2b c8 81 e1 ff ff 01 00 81 f9 ff ff 01 00 4a
0x00007ff8de50f50b:   8b 1c fb 41 0f 44 cd 85 c9 75 46 49 8b 06 48 8b
0x00007ff8de50f51b:   f8 48 89 44 24 28 48 c1 e8 20 ff c0 44 89 7c 24
0x00007ff8de50f52b:   20 89 44 24 24 48 8b 74 24 20 44 3b ff 0f 85 67
0x00007ff8de50f53b:   03 00 00 48 8b 05 53 5e 74 00 4c 8b c7 49 8b d6
0x00007ff8de50f54b:   48 8b ce ff d0 48 3b c7 0f 85 4c 03 00 00 41 8b
0x00007ff8de50f55b:   06 f6 c3 01 0f 84 45 01 00 00 8b 0d a5 c4 72 00
0x00007ff8de50f56b:   48 8d 7b ff 48 8b 45 08 44 8b 17 49 d3 e2 4c 03
0x00007ff8de50f57b:   15 88 c4 72 00 8b 88 48 04 00 00 49 8b d2 48 8b
0x00007ff8de50f58b:   80 38 04 00 00 48 d3 ea 0f b7 0c 50 66 89 8c 24
0x00007ff8de50f59b:   98 00 00 00 66 c1 e9 08 84 c9 0f 88 05 ff ff ff
0x00007ff8de50f5ab:   4d 8b 02 41 0f b6 c0 24 03 3c 03 75 1e 44 38 2d
0x00007ff8de50f5bb:   83 3a 7b 00 74 0f 41 0f b6 c0 24 07 3c 05 75 05
0x00007ff8de50f5cb:   4d 8b c5 eb 1f 49 83 e0 fc eb 19 0f b7 94 24 98
0x00007ff8de50f5db:   00 00 00 4d 8b c8 4d 8b c2 48 8b cd e8 74 1d 00
0x00007ff8de50f5eb:   00 4c 8b c0 8b 0d 1b c4 72 00 49 8b d0 48 2b 15
0x00007ff8de50f5fb:   09 c4 72 00 48 d3 ea 89 17 49 8b d0 8b 0d d3 43
0x00007ff8de50f60b:   7b 00 48 33 d7 48 d3 ea 48 85 d2 0f 84 94 fe ff
0x00007ff8de50f61b:   ff 48 8b 45 08 48 8b d7 48 8b 80 00 01 00 00 8b
0x00007ff8de50f62b:   48 68 48 8b 40 58 48 d3 ea 48 8b 0c d0 8b 81 cc
0x00007ff8de50f63b:   00 00 00 d1 e8 a8 01 0f 85 68 fe ff ff 48 8b 45
0x00007ff8de50f64b:   08 8b 88 48 04 00 00 48 8b 80 38 04 00 00 49 d3
0x00007ff8de50f65b:   e8 46 38 2c 40 0f 84 4a fe ff ff 48 8b 85 80 00
0x00007ff8de50f66b:   00 00 48 c1 ef 09 48 8b 58 48 48 8b 50 40 48 03
0x00007ff8de50f67b:   df 48 2b da 48 39 9d d0 01 00 00 0f 84 24 fe ff
0x00007ff8de50f68b:   ff 44 38 6d 28 48 8d 4d 18 74 08 48 03 d3 e8 d2
0x00007ff8de50f69b:   eb 39 00 48 89 9d d0 01 00 00 e9 06 fe ff ff f6 


Stack slot to memory mapping:
stack at sp + 0 slots: 0x0000000000005701 is an unknown value
stack at sp + 1 slots: 0x00007ff8de510001 jvm.dll
stack at sp + 2 slots: 0x000000c0109ff530 points into unknown readable memory: 0x00007ff8deacb878 | 78 b8 ac de f8 7f 00 00
stack at sp + 3 slots: 0x0000000702c37900 is pointing into object: java.lang.Object 
{0x0000000702c378f8} - klass: 'java/lang/Object'
stack at sp + 4 slots: 0x0 is NULL
stack at sp + 5 slots: 0x00007ff8de864c7f jvm.dll
stack at sp + 6 slots: 0x000000c0109ff320 points into unknown readable memory: 0x00000000116b8493 | 93 84 6b 11 00 00 00 00
stack at sp + 7 slots: 0x0 is NULL


---------------  P R O C E S S  ---------------

Threads class SMR info:
_java_thread_list=0x000002be73ac05f0, length=18, elements={
0x000002be70082730, 0x000002be70083210, 0x000002be700971c0, 0x000002be70099a90,
0x000002be7009b460, 0x000002be7009c150, 0x000002be709a0080, 0x000002be70a15c30,
0x000002be70ab4570, 0x000002be70b23fc0, 0x000002be70b24490, 0x000002be738c2e00,
0x000002be734fd310, 0x000002be73409410, 0x000002be74e477d0, 0x000002be7549f0b0,
0x000002be4d27c700, 0x000002be715722d0
}

Java Threads: ( => current thread )
  0x000002be70082730 JavaThread "Reference Handler" daemon [_thread_blocked, id=11868, stack(0x000000c00fc00000,0x000000c00fd00000)]
  0x000002be70083210 JavaThread "Finalizer" daemon [_thread_blocked, id=6948, stack(0x000000c00fd00000,0x000000c00fe00000)]
  0x000002be700971c0 JavaThread "Signal Dispatcher" daemon [_thread_blocked, id=24260, stack(0x000000c00fe00000,0x000000c00ff00000)]
  0x000002be70099a90 JavaThread "Attach Listener" daemon [_thread_blocked, id=22696, stack(0x000000c00ff00000,0x000000c010000000)]
  0x000002be7009b460 JavaThread "Service Thread" daemon [_thread_blocked, id=8340, stack(0x000000c010000000,0x000000c010100000)]
  0x000002be7009c150 JavaThread "C2 CompilerThread0" daemon [_thread_blocked, id=21804, stack(0x000000c010100000,0x000000c010200000)]
  0x000002be709a0080 JavaThread "C1 CompilerThread0" daemon [_thread_blocked, id=10248, stack(0x000000c010200000,0x000000c010300000)]
  0x000002be70a15c30 JavaThread "Sweeper thread" daemon [_thread_blocked, id=19736, stack(0x000000c010300000,0x000000c010400000)]
  0x000002be70ab4570 JavaThread "Common-Cleaner" daemon [_thread_blocked, id=23804, stack(0x000000c010400000,0x000000c010500000)]
  0x000002be70b23fc0 JavaThread "Monitor Ctrl-Break" daemon [_thread_in_native, id=21404, stack(0x000000c010600000,0x000000c010700000)]
  0x000002be70b24490 JavaThread "Notification Thread" daemon [_thread_blocked, id=27856, stack(0x000000c010700000,0x000000c010800000)]
  0x000002be738c2e00 JavaThread "Catalina-utility-1" [_thread_blocked, id=25768, stack(0x000000c010d00000,0x000000c010e00000)]
  0x000002be734fd310 JavaThread "Catalina-utility-2" [_thread_blocked, id=10488, stack(0x000000c010e00000,0x000000c010f00000)]
  0x000002be73409410 JavaThread "container-0" [_thread_blocked, id=25964, stack(0x000000c010f00000,0x000000c011000000)]
  0x000002be74e477d0 JavaThread "http-nio-8080-Poller" daemon [_thread_in_native, id=2780, stack(0x000000c011000000,0x000000c011100000)]
  0x000002be7549f0b0 JavaThread "http-nio-8080-Acceptor" daemon [_thread_in_native, id=28200, stack(0x000000c011100000,0x000000c011200000)]
  0x000002be4d27c700 JavaThread "DestroyJavaVM" [_thread_blocked, id=21136, stack(0x000000c00f500000,0x000000c00f600000)]
  0x000002be715722d0 JavaThread "http-nio-8080-exec-1" daemon [_thread_blocked, id=16356, stack(0x000000c010500000,0x000000c010600000)]

Other Threads:
  0x000002be7007e3f0 VMThread "VM Thread" [stack: 0x000000c00fb00000,0x000000c00fc00000] [id=17484]
  0x000002be4d27d8b0 WatcherThread [stack: 0x000000c010800000,0x000000c010900000] [id=22728]
  0x000002be4d2cc200 GCTaskThread "GC Thread#0" [stack: 0x000000c00f600000,0x000000c00f700000] [id=25520]
=>0x000002be70eead70 GCTaskThread "GC Thread#1" [stack: 0x000000c010900000,0x000000c010a00000] [id=25172]
  0x000002be70eea710 GCTaskThread "GC Thread#2" [stack: 0x000000c010a00000,0x000000c010b00000] [id=12172]
  0x000002be70ee93f0 GCTaskThread "GC Thread#3" [stack: 0x000000c010b00000,0x000000c010c00000] [id=25812]
  0x000002be4d2df040 ConcurrentGCThread "G1 Main Marker" [stack: 0x000000c00f700000,0x000000c00f800000] [id=27476]
  0x000002be4d2dfb40 ConcurrentGCThread "G1 Conc#0" [stack: 0x000000c00f800000,0x000000c00f900000] [id=4360]
  0x000002be6ff020c0 ConcurrentGCThread "G1 Refine#0" [stack: 0x000000c00f900000,0x000000c00fa00000] [id=18800]
  0x000002be712e98e0 ConcurrentGCThread "G1 Refine#1" [stack: 0x000000c010c00000,0x000000c010d00000] [id=16628]
  0x000002be6ff02bd0 ConcurrentGCThread "G1 Young RemSet Sampling" [stack: 0x000000c00fa00000,0x000000c00fb00000] [id=25536]

Threads with active compile tasks:

VM state: at safepoint (normal execution)

VM Mutex/Monitor currently owned by a thread:  ([mutex/lock_event])
[0x000002be4d2778f0] Threads_lock - owner thread: 0x000002be7007e3f0
[0x000002be4d276540] Heap_lock - owner thread: 0x000002be715722d0

Heap address: 0x0000000702400000, size: 4060 MB, Compressed Oops mode: Zero based, Oop shift amount: 3
CDS archive(s) mapped at: [0x0000000800000000-0x0000000800b50000-0x0000000800b50000), size 11862016, SharedBaseAddress: 0x0000000800000000, ArchiveRelocationMode: 0.
Compressed class space mapped at: 0x0000000800b50000-0x0000000840b50000, size: 1073741824
Narrow klass base: 0x0000000800000000, Narrow klass shift: 3, Narrow klass range: 0x100000000

GC Precious Log:
 CPUs: 4 total, 4 available
 Memory: 16239M
 Large Page Support: Disabled
 NUMA Support: Disabled
 Compressed Oops: Enabled (Zero based)
 Heap Region Size: 2M
 Heap Min Capacity: 8M
 Heap Initial Capacity: 254M
 Heap Max Capacity: 4060M
 Pre-touch: Disabled
 Parallel Workers: 4
 Concurrent Workers: 1
 Concurrent Refinement Workers: 4
 Periodic GC: Disabled

Heap:
 garbage-first heap   total 49152K, used 25928K [0x0000000702400000, 0x0000000800000000)
  region size 2048K, 7 young (14336K), 1 survivors (2048K)
 Metaspace       used 35172K, capacity 35555K, committed 35708K, reserved 1081344K
  class space    used 4389K, capacity 4518K, committed 4608K, reserved 1048576K

Heap Regions: E=young(eden), S=young(survivor), O=old, HS=humongous(starts), HC=humongous(continues), CS=collection set, F=free, OA=open archive, CA=closed archive, TAMS=top-at-mark-start (previous, next)
|   0|0x0000000702400000, 0x0000000702600000, 0x0000000702600000|100%| O|  |TAMS 0x0000000702600000, 0x0000000702600000| Untracked 
|   1|0x0000000702600000, 0x0000000702800000, 0x0000000702800000|100%| O|  |TAMS 0x0000000702800000, 0x0000000702800000| Untracked 
|   2|0x0000000702800000, 0x0000000702a00000, 0x0000000702a00000|100%| O|  |TAMS 0x0000000702800000, 0x0000000702a00000| Untracked 
|   3|0x0000000702a00000, 0x0000000702c00000, 0x0000000702c00000|100%| O|  |TAMS 0x0000000702a00000, 0x0000000702c00000| Untracked 
|   4|0x0000000702c00000, 0x0000000702e00000, 0x0000000702e00000|100%| O|  |TAMS 0x0000000702c00000, 0x0000000702e00000| Untracked 
|   5|0x0000000702e00000, 0x0000000703000000, 0x0000000703000000|100%| O|  |TAMS 0x0000000702e00000, 0x0000000702ea6a00| Untracked 
|   6|0x0000000703000000, 0x0000000703200000, 0x0000000703200000|100%| O|  |TAMS 0x0000000703000000, 0x0000000703000000| Untracked 
|   7|0x0000000703200000, 0x00000007032258f0, 0x0000000703400000|  7%| O|  |TAMS 0x0000000703200000, 0x0000000703200000| Untracked 
|   8|0x0000000703400000, 0x0000000703400000, 0x0000000703600000|  0%| F|  |TAMS 0x0000000703400000, 0x0000000703400000| Untracked 
|   9|0x0000000703600000, 0x0000000703600000, 0x0000000703800000|  0%| F|  |TAMS 0x0000000703600000, 0x0000000703600000| Untracked 
|  10|0x0000000703800000, 0x00000007039d8b60, 0x0000000703a00000| 92%| E|CS|TAMS 0x0000000703800000, 0x00000007039d8b60| Complete 
|  11|0x0000000703a00000, 0x0000000703c00000, 0x0000000703c00000|100%| E|CS|TAMS 0x0000000703a00000, 0x0000000703c00000| Complete 
|  12|0x0000000703c00000, 0x0000000703c00000, 0x0000000703e00000|  0%| F|  |TAMS 0x0000000703c00000, 0x0000000703c00000| Untracked 
|  13|0x0000000703e00000, 0x0000000703e00000, 0x0000000704000000|  0%| F|  |TAMS 0x0000000703e00000, 0x0000000703e00000| Untracked 
|  14|0x0000000704000000, 0x0000000704000000, 0x0000000704200000|  0%| F|  |TAMS 0x0000000704000000, 0x0000000704000000| Untracked 
|  15|0x0000000704200000, 0x0000000704200000, 0x0000000704400000|  0%| F|  |TAMS 0x0000000704200000, 0x0000000704200000| Untracked 
|  16|0x0000000704400000, 0x0000000704400000, 0x0000000704600000|  0%| F|  |TAMS 0x0000000704400000, 0x0000000704400000| Untracked 
|  17|0x0000000704600000, 0x0000000704735d88, 0x0000000704800000| 60%| S|  |TAMS 0x0000000704600000, 0x0000000704600000| Complete 
|  18|0x0000000704800000, 0x00000007048d2c78, 0x0000000704a00000| 41%| E|CS|TAMS 0x0000000704800000, 0x00000007048d2c78| Complete 
|  93|0x000000070de00000, 0x000000070e000000, 0x000000070e000000|100%| E|CS|TAMS 0x000000070de00000, 0x000000070e000000| Complete 
|  94|0x000000070e000000, 0x000000070e200000, 0x000000070e200000|100%| E|CS|TAMS 0x000000070e000000, 0x000000070e200000| Complete 
|  95|0x000000070e200000, 0x000000070e400000, 0x000000070e400000|100%| E|CS|TAMS 0x000000070e200000, 0x000000070e400000| Complete 
| 125|0x0000000711e00000, 0x0000000712000000, 0x0000000712000000|100%| E|CS|TAMS 0x0000000711e00000, 0x0000000712000000| Complete 
| 126|0x0000000712000000, 0x0000000712200000, 0x0000000712200000|100%| E|CS|TAMS 0x0000000712000000, 0x0000000712200000| Complete 

Card table byte_map: [0x000002be64ca0000,0x000002be65490000] _byte_map_base: 0x000002be6148e000

Marking Bits (Prev, Next): (CMBitMap*) 0x000002be4d2ce960, (CMBitMap*) 0x000002be4d2ce920
 Prev Bits: [0x000002be69bf0000, 0x000002be6db60000)
 Next Bits: [0x000002be65c80000, 0x000002be69bf0000)

Polling page: 0x000002be4b1d0000

Metaspace:

Usage:
  Non-class:     30.31 MB capacity,    30.06 MB (>99%) used,   203.99 KB ( <1%) free+waste,    49.81 KB ( <1%) overhead. 
      Class:      4.41 MB capacity,     4.29 MB ( 97%) used,   109.27 KB (  2%) free+waste,    19.44 KB ( <1%) overhead. 
       Both:     34.72 MB capacity,    34.35 MB ( 99%) used,   313.26 KB ( <1%) free+waste,    69.25 KB ( <1%) overhead. 

Virtual space:
  Non-class space:       32.00 MB reserved,      30.37 MB ( 95%) committed 
      Class space:        1.00 GB reserved,       4.50 MB ( <1%) committed 
             Both:        1.03 GB reserved,      34.87 MB (  3%) committed 

Chunk freelists:
   Non-Class:  51.00 KB
       Class:  26.00 KB
        Both:  77.00 KB

MaxMetaspaceSize: 17179869184.00 GB
CompressedClassSpaceSize: 1.00 GB

CodeHeap 'non-profiled nmethods': size=120000Kb used=2169Kb max_used=2169Kb free=117830Kb
 bounds [0x000002be5cf80000, 0x000002be5d1f0000, 0x000002be644b0000]
CodeHeap 'profiled nmethods': size=120000Kb used=9015Kb max_used=9015Kb free=110984Kb
 bounds [0x000002be55a50000, 0x000002be56320000, 0x000002be5cf80000]
CodeHeap 'non-nmethods': size=5760Kb used=1244Kb max_used=1373Kb free=4515Kb
 bounds [0x000002be554b0000, 0x000002be55720000, 0x000002be55a50000]
 total_blobs=4637 nmethods=4117 adapters=432
 compilation: enabled
              stopped_count=0, restarted_count=0
 full_count=0

Compilation events (20 events):
Event: 7.160 Thread 0x000002be709a0080 4151       3       jdk.internal.math.FDBigInteger::mult (64 bytes)
Event: 7.160 Thread 0x000002be709a0080 nmethod 4151 0x000002be5631a190 code [0x000002be5631a340, 0x000002be5631a5b8]
Event: 7.160 Thread 0x000002be709a0080 4152       3       jdk.internal.math.FDBigInteger::<init> (30 bytes)
Event: 7.161 Thread 0x000002be709a0080 nmethod 4152 0x000002be5631a790 code [0x000002be5631a940, 0x000002be5631ab48]
Event: 7.161 Thread 0x000002be709a0080 4153       3       jdk.internal.math.FDBigInteger::trimLeadingZeros (57 bytes)
Event: 7.161 Thread 0x000002be709a0080 nmethod 4153 0x000002be5631ac90 code [0x000002be5631ae40, 0x000002be5631b138]
Event: 7.163 Thread 0x000002be709a0080 4154       3       java.util.IdentityHashMap::<init> (44 bytes)
Event: 7.164 Thread 0x000002be709a0080 nmethod 4154 0x000002be5631b290 code [0x000002be5631b500, 0x000002be5631bf68]
Event: 7.164 Thread 0x000002be709a0080 4155       3       org.springframework.context.event.GenericApplicationListenerAdapter::resolveDeclaredEventType (57 bytes)
Event: 7.164 Thread 0x000002be709a0080 nmethod 4155 0x000002be5631c310 code [0x000002be5631c520, 0x000002be5631cc08]
Event: 7.384 Thread 0x000002be7009c150 nmethod 4107 0x000002be5d184690 code [0x000002be5d184c00, 0x000002be5d1896d8]
Event: 7.384 Thread 0x000002be7009c150 4150       4       jdk.internal.org.objectweb.asm.SymbolTable::addConstantUtf8 (98 bytes)
Event: 7.468 Thread 0x000002be7009c150 nmethod 4150 0x000002be5d18c990 code [0x000002be5d18cba0, 0x000002be5d18e4f8]
Event: 7.745 Thread 0x000002be70b83890 nmethod 4120 0x000002be5d18ef10 code [0x000002be5d18f9c0, 0x000002be5d1972b8]
Event: 26.370 Thread 0x000002be709a0080 4156       3       java.util.concurrent.locks.AbstractQueuedSynchronizer::release (19 bytes)
Event: 26.370 Thread 0x000002be709a0080 nmethod 4156 0x000002be5631ce10 code [0x000002be5631d000, 0x000002be5631d468]
Event: 27.837 Thread 0x000002be7009c150 4157       4       jdk.internal.loader.BuiltinClassLoader::loadClassOrNull (7 bytes)
Event: 27.847 Thread 0x000002be7009c150 nmethod 4157 0x000002be5d19da90 code [0x000002be5d19dc40, 0x000002be5d19df58]
Event: 27.849 Thread 0x000002be709a0080 4159       3       java.lang.Integer::equals (29 bytes)
Event: 27.850 Thread 0x000002be709a0080 nmethod 4159 0x000002be5631d610 code [0x000002be5631d7c0, 0x000002be5631db98]

GC Heap History (15 events):
Event: 0.793 GC heap before
{Heap before GC invocations=0 (full 0):
 garbage-first heap   total 260096K, used 10240K [0x0000000702400000, 0x0000000800000000)
  region size 2048K, 6 young (12288K), 0 survivors (0K)
 Metaspace       used 3246K, capacity 5795K, committed 6016K, reserved 1056768K
  class space    used 318K, capacity 565K, committed 640K, reserved 1048576K
}
Event: 0.802 GC heap after
{Heap after GC invocations=1 (full 0):
 garbage-first heap   total 260096K, used 4048K [0x0000000702400000, 0x0000000800000000)
  region size 2048K, 1 young (2048K), 1 survivors (2048K)
 Metaspace       used 3246K, capacity 5795K, committed 6016K, reserved 1056768K
  class space    used 318K, capacity 565K, committed 640K, reserved 1048576K
}
Event: 1.423 GC heap before
{Heap before GC invocations=1 (full 0):
 garbage-first heap   total 260096K, used 14288K [0x0000000702400000, 0x0000000800000000)
  region size 2048K, 6 young (12288K), 1 survivors (2048K)
 Metaspace       used 6530K, capacity 7736K, committed 7808K, reserved 1056768K
  class space    used 738K, capacity 846K, committed 896K, reserved 1048576K
}
Event: 1.427 GC heap after
{Heap after GC invocations=2 (full 0):
 garbage-first heap   total 260096K, used 5308K [0x0000000702400000, 0x0000000800000000)
  region size 2048K, 1 young (2048K), 1 survivors (2048K)
 Metaspace       used 6530K, capacity 7736K, committed 7808K, reserved 1056768K
  class space    used 738K, capacity 846K, committed 896K, reserved 1048576K
}
Event: 2.320 GC heap before
{Heap before GC invocations=2 (full 0):
 garbage-first heap   total 260096K, used 27836K [0x0000000702400000, 0x0000000800000000)
  region size 2048K, 12 young (24576K), 1 survivors (2048K)
 Metaspace       used 12619K, capacity 12805K, committed 12928K, reserved 1060864K
  class space    used 1582K, capacity 1656K, committed 1664K, reserved 1048576K
}
Event: 2.325 GC heap after
{Heap after GC invocations=3 (full 0):
 garbage-first heap   total 260096K, used 6733K [0x0000000702400000, 0x0000000800000000)
  region size 2048K, 2 young (4096K), 2 survivors (4096K)
 Metaspace       used 12619K, capacity 12805K, committed 12928K, reserved 1060864K
  class space    used 1582K, capacity 1656K, committed 1664K, reserved 1048576K
}
Event: 3.800 GC heap before
{Heap before GC invocations=3 (full 0):
 garbage-first heap   total 260096K, used 64077K [0x0000000702400000, 0x0000000800000000)
  region size 2048K, 31 young (63488K), 2 survivors (4096K)
 Metaspace       used 20923K, capacity 21173K, committed 21296K, reserved 1069056K
  class space    used 2604K, capacity 2686K, committed 2688K, reserved 1048576K
}
Event: 3.809 GC heap after
{Heap after GC invocations=4 (full 0):
 garbage-first heap   total 260096K, used 9593K [0x0000000702400000, 0x0000000800000000)
  region size 2048K, 3 young (6144K), 3 survivors (6144K)
 Metaspace       used 20923K, capacity 21173K, committed 21296K, reserved 1069056K
  class space    used 2604K, capacity 2686K, committed 2688K, reserved 1048576K
}
Event: 4.712 GC heap before
{Heap before GC invocations=5 (full 0):
 garbage-first heap   total 49152K, used 32121K [0x0000000702400000, 0x0000000800000000)
  region size 2048K, 14 young (28672K), 3 survivors (6144K)
 Metaspace       used 24877K, capacity 25206K, committed 25520K, reserved 1071104K
  class space    used 3150K, capacity 3258K, committed 3328K, reserved 1048576K
}
Event: 4.727 GC heap after
{Heap after GC invocations=6 (full 0):
 garbage-first heap   total 49152K, used 11423K [0x0000000702400000, 0x0000000800000000)
  region size 2048K, 2 young (4096K), 2 survivors (4096K)
 Metaspace       used 24877K, capacity 25206K, committed 25520K, reserved 1071104K
  class space    used 3150K, capacity 3258K, committed 3328K, reserved 1048576K
}
Event: 5.516 GC heap before
{Heap before GC invocations=6 (full 0):
 garbage-first heap   total 49152K, used 31903K [0x0000000702400000, 0x0000000800000000)
  region size 2048K, 12 young (24576K), 2 survivors (4096K)
 Metaspace       used 29224K, capacity 29614K, committed 29872K, reserved 1075200K
  class space    used 3621K, capacity 3746K, committed 3840K, reserved 1048576K
}
Event: 5.523 GC heap after
{Heap after GC invocations=7 (full 0):
 garbage-first heap   total 49152K, used 12553K [0x0000000702400000, 0x0000000800000000)
  region size 2048K, 2 young (4096K), 2 survivors (4096K)
 Metaspace       used 29224K, capacity 29614K, committed 29872K, reserved 1075200K
  class space    used 3621K, capacity 3746K, committed 3840K, reserved 1048576K
}
Event: 6.592 GC heap before
{Heap before GC invocations=7 (full 0):
 garbage-first heap   total 49152K, used 33033K [0x0000000702400000, 0x0000000800000000)
  region size 2048K, 12 young (24576K), 2 survivors (4096K)
 Metaspace       used 32364K, capacity 32767K, committed 33072K, reserved 1079296K
  class space    used 4017K, capacity 4123K, committed 4224K, reserved 1048576K
}
Event: 6.602 GC heap after
{Heap after GC invocations=8 (full 0):
 garbage-first heap   total 49152K, used 14845K [0x0000000702400000, 0x0000000800000000)
  region size 2048K, 2 young (4096K), 2 survivors (4096K)
 Metaspace       used 32364K, capacity 32767K, committed 33072K, reserved 1079296K
  class space    used 4017K, capacity 4123K, committed 4224K, reserved 1048576K
}
Event: 29.225 GC heap before
{Heap before GC invocations=8 (full 0):
 garbage-first heap   total 49152K, used 23037K [0x0000000702400000, 0x0000000800000000)
  region size 2048K, 8 young (16384K), 2 survivors (4096K)
 Metaspace       used 35172K, capacity 35555K, committed 35708K, reserved 1081344K
  class space    used 4389K, capacity 4518K, committed 4608K, reserved 1048576K
}

Deoptimization events (20 events):
Event: 6.657 Thread 0x000002be4d27c700 DEOPT PACKING pc=0x000002be5d1279b0 sp=0x000000c00f5fddb0
Event: 6.657 Thread 0x000002be4d27c700 DEOPT UNPACKING pc=0x000002be554fe42f sp=0x000000c00f5fdd48 mode 2
Event: 6.675 Thread 0x000002be4d27c700 Uncommon trap: trap_request=0xffffff45 fr.pc=0x000002be5d154ffc relative=0x000000000000291c
Event: 6.675 Thread 0x000002be4d27c700 Uncommon trap: reason=unstable_if action=reinterpret pc=0x000002be5d154ffc method=org.springframework.beans.factory.support.AbstractBeanFactory.isTypeMatch(Ljava/lang/String;Lorg/springframework/core/ResolvableType;Z)Z @ 34 c2
Event: 6.675 Thread 0x000002be4d27c700 DEOPT PACKING pc=0x000002be5d154ffc sp=0x000000c00f5fdc30
Event: 6.675 Thread 0x000002be4d27c700 DEOPT UNPACKING pc=0x000002be554fe42f sp=0x000000c00f5fdbf0 mode 2
Event: 6.783 Thread 0x000002be4d27c700 DEOPT PACKING pc=0x000002be55da4087 sp=0x000000c00f5fe240
Event: 6.783 Thread 0x000002be4d27c700 DEOPT UNPACKING pc=0x000002be554fe23f sp=0x000000c00f5fd6d0 mode 3
Event: 6.846 Thread 0x000002be4d27c700 Uncommon trap: trap_request=0xffffff45 fr.pc=0x000002be5cfc28b4 relative=0x00000000000002f4
Event: 6.846 Thread 0x000002be4d27c700 Uncommon trap: reason=unstable_if action=reinterpret pc=0x000002be5cfc28b4 method=java.util.HashMap.getNode(Ljava/lang/Object;)Ljava/util/HashMap$Node; @ 66 c2
Event: 6.846 Thread 0x000002be4d27c700 DEOPT PACKING pc=0x000002be5cfc28b4 sp=0x000000c00f5fde60
Event: 6.846 Thread 0x000002be4d27c700 DEOPT UNPACKING pc=0x000002be554fe42f sp=0x000000c00f5fdde0 mode 2
Event: 7.073 Thread 0x000002be4d27c700 Uncommon trap: trap_request=0xffffff45 fr.pc=0x000002be5cfeafac relative=0x000000000000038c
Event: 7.073 Thread 0x000002be4d27c700 Uncommon trap: reason=unstable_if action=reinterpret pc=0x000002be5cfeafac method=java.lang.StringBuilder.toString()Ljava/lang/String; @ 4 c2
Event: 7.073 Thread 0x000002be4d27c700 DEOPT PACKING pc=0x000002be5cfeafac sp=0x000000c00f5fd260
Event: 7.073 Thread 0x000002be4d27c700 DEOPT UNPACKING pc=0x000002be554fe42f sp=0x000000c00f5fd240 mode 2
Event: 7.154 Thread 0x000002be4d27c700 Uncommon trap: trap_request=0xffffff45 fr.pc=0x000002be5cffebdc relative=0x000000000000005c
Event: 7.154 Thread 0x000002be4d27c700 Uncommon trap: reason=unstable_if action=reinterpret pc=0x000002be5cffebdc method=org.springframework.util.ConcurrentReferenceHashMap$Segment.clear()V @ 7 c2
Event: 7.154 Thread 0x000002be4d27c700 DEOPT PACKING pc=0x000002be5cffebdc sp=0x000000c00f5fe870
Event: 7.154 Thread 0x000002be4d27c700 DEOPT UNPACKING pc=0x000002be554fe42f sp=0x000000c00f5fe800 mode 2

Classes unloaded (0 events):
No events

Classes redefined (0 events):
No events

Internal exceptions (20 events):
Event: 5.751 Thread 0x000002be4d27c700 Exception <a 'java/lang/ClassNotFoundException'{0x000000070e0514c0}: java/lang/ObjectCustomizer> (0x000000070e0514c0) 
thrown [./open/src/hotspot/share/classfile/systemDictionary.cpp, line 295]
Event: 5.752 Thread 0x000002be4d27c700 Exception <a 'java/lang/ClassNotFoundException'{0x000000070e058310}: org/springframework/web/servlet/config/annotation/WebMvcConfigurationSupportCustomizer> (0x000000070e058310) 
thrown [./open/src/hotspot/share/classfile/systemDictionary.cpp, line 295]
Event: 5.753 Thread 0x000002be4d27c700 Exception <a 'java/lang/ClassNotFoundException'{0x000000070e06b580}: org/springframework/web/servlet/config/annotation/DelegatingWebMvcConfigurationCustomizer> (0x000000070e06b580) 
thrown [./open/src/hotspot/share/classfile/systemDictionary.cpp, line 295]
Event: 5.755 Thread 0x000002be4d27c700 Exception <a 'java/lang/ClassNotFoundException'{0x000000070e076560}: org/springframework/boot/autoconfigure/web/servlet/WebMvcAutoConfiguration$EnableWebMvcConfigurationCustomizer> (0x000000070e076560) 
thrown [./open/src/hotspot/share/classfile/systemDictionary.cpp, line 295]
Event: 5.757 Thread 0x000002be4d27c700 Exception <a 'java/lang/ClassNotFoundException'{0x000000070e089d60}: org/springframework/context/ResourceLoaderAwareCustomizer> (0x000000070e089d60) 
thrown [./open/src/hotspot/share/classfile/systemDictionary.cpp, line 295]
Event: 5.758 Thread 0x000002be4d27c700 Exception <a 'java/lang/ClassNotFoundException'{0x000000070e08df10}: org/springframework/beans/factory/AwareCustomizer> (0x000000070e08df10) 
thrown [./open/src/hotspot/share/classfile/systemDictionary.cpp, line 295]
Event: 5.758 Thread 0x000002be4d27c700 Exception <a 'java/lang/ClassNotFoundException'{0x000000070e0913f0}: org/springframework/context/ApplicationContextAwareCustomizer> (0x000000070e0913f0) 
thrown [./open/src/hotspot/share/classfile/systemDictionary.cpp, line 295]
Event: 5.759 Thread 0x000002be4d27c700 Exception <a 'java/lang/ClassNotFoundException'{0x000000070e095d48}: org/springframework/beans/factory/AwareCustomizer> (0x000000070e095d48) 
thrown [./open/src/hotspot/share/classfile/systemDictionary.cpp, line 295]
Event: 5.759 Thread 0x000002be4d27c700 Exception <a 'java/lang/ClassNotFoundException'{0x000000070e099240}: org/springframework/web/context/ServletContextAwareCustomizer> (0x000000070e099240) 
thrown [./open/src/hotspot/share/classfile/systemDictionary.cpp, line 295]
Event: 5.760 Thread 0x000002be4d27c700 Exception <a 'java/lang/ClassNotFoundException'{0x000000070e09d848}: org/springframework/beans/factory/AwareCustomizer> (0x000000070e09d848) 
thrown [./open/src/hotspot/share/classfile/systemDictionary.cpp, line 295]
Event: 6.082 Thread 0x000002be4d27c700 Exception <a 'java/lang/NoSuchMethodError'{0x00000007046d6068}: 'java.lang.Object java.lang.invoke.DirectMethodHandle$Holder.invokeInterface(java.lang.Object, java.lang.Object, java.lang.Object, java.lang.Object)'> (0x00000007046d6068) 
thrown [./open/src/hotspot/share/interpreter/linkResolver.cpp, line 782]
Event: 6.251 Thread 0x000002be4d27c700 Exception <a 'java/lang/NoSuchMethodError'{0x00000007045e44b0}: 'void java.lang.invoke.DirectMethodHandle$Holder.invokeVirtual(java.lang.Object, java.lang.Object, int)'> (0x00000007045e44b0) 
thrown [./open/src/hotspot/share/interpreter/linkResolver.cpp, line 782]
Event: 6.255 Thread 0x000002be4d27c700 Exception <a 'java/lang/NoSuchMethodError'{0x0000000704200be0}: 'void java.lang.invoke.DirectMethodHandle$Holder.invokeVirtual(java.lang.Object, java.lang.Object, long)'> (0x0000000704200be0) 
thrown [./open/src/hotspot/share/interpreter/linkResolver.cpp, line 782]
Event: 6.577 Thread 0x000002be4d27c700 Exception <a 'java/lang/IncompatibleClassChangeError'{0x000000070418ad70}: Found class java.lang.Object, but interface was expected> (0x000000070418ad70) 
thrown [./open/src/hotspot/share/interpreter/linkResolver.cpp, line 848]
Event: 6.645 Thread 0x000002be4d27c700 Exception <a 'java/lang/NoSuchMethodError'{0x00000007120bd2b8}: 'int java.lang.invoke.DirectMethodHandle$Holder.invokeStaticInit(java.lang.Object, java.lang.Object, java.lang.Object, java.lang.Object)'> (0x00000007120bd2b8) 
thrown [./open/src/hotspot/share/interpreter/linkResolver.cpp, line 782]
Event: 6.727 Thread 0x000002be4d27c700 Exception <a 'java/lang/NoSuchMethodError'{0x0000000711e47890}: 'java.lang.Object java.lang.invoke.DirectMethodHandle$Holder.newInvokeSpecial(java.lang.Object, java.lang.Object, int, java.lang.Object, java.lang.Object)'> (0x0000000711e47890) 
thrown [./open/src/hotspot/share/interpreter/linkResolver.cpp, line 782]
Event: 6.728 Thread 0x000002be4d27c700 Exception <a 'java/lang/NoSuchMethodError'{0x0000000711e53598}: 'java.lang.Object java.lang.invoke.DirectMethodHandle$Holder.invokeSpecial(java.lang.Object, java.lang.Object, int, java.lang.Object, int, java.lang.Object)'> (0x0000000711e53598) 
thrown [./open/src/hotspot/share/interpreter/linkResolver.cpp, line 782]
Event: 6.729 Thread 0x000002be4d27c700 Exception <a 'java/lang/NoSuchMethodError'{0x0000000711e5bfc8}: 'java.lang.Object java.lang.invoke.DirectMethodHandle$Holder.newInvokeSpecial(java.lang.Object, java.lang.Object, int, java.lang.Object, int)'> (0x0000000711e5bfc8) 
thrown [./open/src/hotspot/share/interpreter/linkResolver.cpp, line 782]
Event: 6.730 Thread 0x000002be4d27c700 Exception <a 'java/lang/NoSuchMethodError'{0x0000000711e601d8}: 'java.lang.Object java.lang.invoke.DirectMethodHandle$Holder.invokeSpecial(java.lang.Object, java.lang.Object, java.lang.Object, int, java.lang.Object, int)'> (0x0000000711e601d8) 
thrown [./open/src/hotspot/share/interpreter/linkResolver.cpp, line 782]
Event: 6.732 Thread 0x000002be4d27c700 Exception <a 'java/lang/NoSuchMethodError'{0x0000000711e6a870}: 'void java.lang.invoke.DirectMethodHandle$Holder.invokeVirtual(java.lang.Object, java.lang.Object)'> (0x0000000711e6a870) 
thrown [./open/src/hotspot/share/interpreter/linkResolver.cpp, line 782]

Events (20 events):
Event: 27.838 loading class java/nio/channels/WritePendingException
Event: 27.838 loading class java/nio/channels/WritePendingException done
Event: 27.839 loading class java/nio/channels/ClosedChannelException
Event: 27.839 loading class java/nio/channels/ClosedChannelException done
Event: 27.843 loading class java/util/concurrent/LinkedBlockingDeque
Event: 27.844 loading class java/util/concurrent/BlockingDeque
Event: 27.844 loading class java/util/concurrent/BlockingDeque done
Event: 27.845 loading class java/util/concurrent/LinkedBlockingDeque done
Event: 27.845 loading class java/util/concurrent/Semaphore
Event: 27.845 loading class java/util/concurrent/Semaphore done
Event: 27.845 loading class java/util/concurrent/Semaphore$NonfairSync
Event: 27.845 loading class java/util/concurrent/Semaphore$Sync
Event: 27.845 loading class java/util/concurrent/Semaphore$Sync done
Event: 27.845 loading class java/util/concurrent/Semaphore$NonfairSync done
Event: 27.848 loading class java/lang/invoke/ConstantBootstraps
Event: 27.848 loading class java/lang/invoke/ConstantBootstraps done
Event: 27.849 loading class sun/nio/ch/WindowsSelectorImpl$MapEntry
Event: 27.849 loading class sun/nio/ch/WindowsSelectorImpl$MapEntry done
Event: 29.204 Thread 0x000002be715722d0 Thread added: 0x000002be715722d0
Event: 29.225 Executing VM operation: CollectForMetadataAllocation


Dynamic libraries:
0x00007ff70d1b0000 - 0x00007ff70d1bf000 	C:\Program Files\Java\jdk-15.0.2\bin\java.exe
0x00007ff96f330000 - 0x00007ff96f525000 	C:\Windows\SYSTEM32\ntdll.dll
0x00007ff96d370000 - 0x00007ff96d42e000 	C:\Windows\System32\KERNEL32.DLL
0x00007ff96cd30000 - 0x00007ff96cff8000 	C:\Windows\System32\KERNELBASE.dll
0x00007ff96cb80000 - 0x00007ff96cc80000 	C:\Windows\System32\ucrtbase.dll
0x00007ff95d320000 - 0x00007ff95d339000 	C:\Program Files\Java\jdk-15.0.2\bin\VCRUNTIME140.dll
0x00007ff965550000 - 0x00007ff965568000 	C:\Program Files\Java\jdk-15.0.2\bin\jli.dll
0x00007ff96d830000 - 0x00007ff96d8dc000 	C:\Windows\System32\ADVAPI32.dll
0x00007ff96e820000 - 0x00007ff96e8be000 	C:\Windows\System32\msvcrt.dll
0x00007ff96d8e0000 - 0x00007ff96d97b000 	C:\Windows\System32\sechost.dll
0x00007ff96e460000 - 0x00007ff96e58a000 	C:\Windows\System32\RPCRT4.dll
0x00007ff96e590000 - 0x00007ff96e731000 	C:\Windows\System32\USER32.dll
0x00007ff96cb50000 - 0x00007ff96cb72000 	C:\Windows\System32\win32u.dll
0x00007ff96e8c0000 - 0x00007ff96e8eb000 	C:\Windows\System32\GDI32.dll
0x00007ff96ca40000 - 0x00007ff96cb4d000 	C:\Windows\System32\gdi32full.dll
0x00007ff96d090000 - 0x00007ff96d12d000 	C:\Windows\System32\msvcp_win.dll
0x00007ff959690000 - 0x00007ff95992a000 	C:\Windows\WinSxS\amd64_microsoft.windows.common-controls_6595b64144ccf1df_6.0.19041.1110_none_60b5254171f9507e\COMCTL32.dll
0x00007ff963fe0000 - 0x00007ff963fea000 	C:\Windows\SYSTEM32\VERSION.dll
0x00007ff96d9f0000 - 0x00007ff96da20000 	C:\Windows\System32\IMM32.DLL
0x00007ff95d310000 - 0x00007ff95d31c000 	C:\Program Files\Java\jdk-15.0.2\bin\vcruntime140_1.dll
0x00007ff918f10000 - 0x00007ff918fa1000 	C:\Program Files\Java\jdk-15.0.2\bin\msvcp140.dll
0x00007ff8de240000 - 0x00007ff8ded9e000 	C:\Program Files\Java\jdk-15.0.2\bin\server\jvm.dll
0x00007ff96f2e0000 - 0x00007ff96f2e8000 	C:\Windows\System32\PSAPI.DLL
0x00007ff93dd30000 - 0x00007ff93dd39000 	C:\Windows\SYSTEM32\WSOCK32.dll
0x00007ff950e00000 - 0x00007ff950e27000 	C:\Windows\SYSTEM32\WINMM.dll
0x00007ff96e330000 - 0x00007ff96e39b000 	C:\Windows\System32\WS2_32.dll
0x00007ff96b280000 - 0x00007ff96b292000 	C:\Windows\SYSTEM32\kernel.appcore.dll
0x00007ff95d300000 - 0x00007ff95d30a000 	C:\Program Files\Java\jdk-15.0.2\bin\jimage.dll
0x00007ff96af10000 - 0x00007ff96b0f4000 	C:\Windows\SYSTEM32\DBGHELP.DLL
0x00007ff950dd0000 - 0x00007ff950dfc000 	C:\Windows\SYSTEM32\dbgcore.DLL
0x00007ff96d000000 - 0x00007ff96d082000 	C:\Windows\System32\bcryptPrimitives.dll
0x00007ff95d340000 - 0x00007ff95d34e000 	C:\Program Files\Java\jdk-15.0.2\bin\instrument.dll
0x00007ff95d2d0000 - 0x00007ff95d2f5000 	C:\Program Files\Java\jdk-15.0.2\bin\java.dll
0x00007ff96db50000 - 0x00007ff96e294000 	C:\Windows\System32\SHELL32.dll
0x00007ff96a6b0000 - 0x00007ff96ae44000 	C:\Windows\SYSTEM32\windows.storage.dll
0x00007ff96ee60000 - 0x00007ff96f1b5000 	C:\Windows\System32\combase.dll
0x00007ff96c2e0000 - 0x00007ff96c30e000 	C:\Windows\SYSTEM32\Wldp.dll
0x00007ff96d430000 - 0x00007ff96d4dd000 	C:\Windows\System32\SHCORE.dll
0x00007ff96e7c0000 - 0x00007ff96e815000 	C:\Windows\System32\shlwapi.dll
0x00007ff96c980000 - 0x00007ff96c99f000 	C:\Windows\SYSTEM32\profapi.dll
0x00007ff95d230000 - 0x00007ff95d248000 	C:\Program Files\Java\jdk-15.0.2\bin\zip.dll
0x00007ff95d2b0000 - 0x00007ff95d2c9000 	C:\Program Files\Java\jdk-15.0.2\bin\net.dll
0x00007ff962420000 - 0x00007ff96252c000 	C:\Windows\SYSTEM32\WINHTTP.dll
0x00007ff96c0c0000 - 0x00007ff96c12a000 	C:\Windows\system32\mswsock.dll
0x00007ff95d290000 - 0x00007ff95d2a2000 	C:\Program Files\Java\jdk-15.0.2\bin\nio.dll
0x00007ff95d260000 - 0x00007ff95d27a000 	C:\Program Files\JetBrains\IntelliJ IDEA Community Edition 2020.3.2\bin\breakgen64.dll
0x00007ff959640000 - 0x00007ff959650000 	C:\Program Files\Java\jdk-15.0.2\bin\verify.dll
0x00007ff956760000 - 0x00007ff956769000 	C:\Program Files\Java\jdk-15.0.2\bin\management.dll
0x00007ff956750000 - 0x00007ff95675b000 	C:\Program Files\Java\jdk-15.0.2\bin\management_ext.dll
0x00007ff950b80000 - 0x00007ff950b97000 	C:\Windows\system32\napinsp.dll
0x00007ff950b60000 - 0x00007ff950b7b000 	C:\Windows\system32\pnrpnsp.dll
0x00007ff9675a0000 - 0x00007ff9675b5000 	C:\Windows\system32\wshbth.dll
0x00007ff967ed0000 - 0x00007ff967eed000 	C:\Windows\system32\NLAapi.dll
0x00007ff96bdd0000 - 0x00007ff96be0b000 	C:\Windows\SYSTEM32\IPHLPAPI.DLL
0x00007ff96be10000 - 0x00007ff96bedb000 	C:\Windows\SYSTEM32\DNSAPI.dll
0x00007ff96ee50000 - 0x00007ff96ee58000 	C:\Windows\System32\NSI.dll
0x00007ff950b40000 - 0x00007ff950b52000 	C:\Windows\System32\winrnr.dll
0x00007ff95b0a0000 - 0x00007ff95b0aa000 	C:\Windows\System32\rasadhlp.dll
0x00007ff962140000 - 0x00007ff9621bf000 	C:\Windows\System32\fwpuclnt.dll
0x00007ff96d190000 - 0x00007ff96d1b7000 	C:\Windows\System32\bcrypt.dll
0x00007ff96c320000 - 0x00007ff96c338000 	C:\Windows\SYSTEM32\CRYPTSP.dll
0x00007ff96ba60000 - 0x00007ff96ba94000 	C:\Windows\system32\rsaenh.dll
0x00007ff96c940000 - 0x00007ff96c96e000 	C:\Windows\SYSTEM32\USERENV.dll
0x00007ff96c250000 - 0x00007ff96c25c000 	C:\Windows\SYSTEM32\CRYPTBASE.dll
0x00007ff961cf0000 - 0x00007ff961d07000 	C:\Windows\SYSTEM32\dhcpcsvc6.DLL
0x00007ff962f00000 - 0x00007ff962f1d000 	C:\Windows\SYSTEM32\dhcpcsvc.DLL

dbghelp: loaded successfully - version: 4.0.5 - missing functions: none
symbol engine: initialized successfully - sym options: 0x614 - pdb path: .;C:\Program Files\Java\jdk-15.0.2\bin;C:\Windows\SYSTEM32;C:\Windows\WinSxS\amd64_microsoft.windows.common-controls_6595b64144ccf1df_6.0.19041.1110_none_60b5254171f9507e;C:\Program Files\Java\jdk-15.0.2\bin\server;C:\Program Files\JetBrains\IntelliJ IDEA Community Edition 2020.3.2\bin

VM Arguments:
jvm_args: -javaagent:C:\Program Files\JetBrains\IntelliJ IDEA Community Edition 2020.3.2\lib\idea_rt.jar=49794:C:\Program Files\JetBrains\IntelliJ IDEA Community Edition 2020.3.2\bin -Dfile.encoding=UTF-8 
java_command: com.job.expectation.ExpectationApplication
java_class_path (initial): C:\project\springBoot\expectation\target\classes;C:\Users\Lenovo\.m2\repository\org\springframework\boot\spring-boot-starter-web\2.6.2\spring-boot-starter-web-2.6.2.jar;C:\Users\Lenovo\.m2\repository\org\springframework\boot\spring-boot-starter\2.6.2\spring-boot-starter-2.6.2.jar;C:\Users\Lenovo\.m2\repository\org\springframework\boot\spring-boot\2.6.2\spring-boot-2.6.2.jar;C:\Users\Lenovo\.m2\repository\org\springframework\boot\spring-boot-autoconfigure\2.6.2\spring-boot-autoconfigure-2.6.2.jar;C:\Users\Lenovo\.m2\repository\org\springframework\boot\spring-boot-starter-logging\2.6.2\spring-boot-starter-logging-2.6.2.jar;C:\Users\Lenovo\.m2\repository\ch\qos\logback\logback-classic\1.2.9\logback-classic-1.2.9.jar;C:\Users\Lenovo\.m2\repository\ch\qos\logback\logback-core\1.2.9\logback-core-1.2.9.jar;C:\Users\Lenovo\.m2\repository\org\apache\logging\log4j\log4j-to-slf4j\2.17.0\log4j-to-slf4j-2.17.0.jar;C:\Users\Lenovo\.m2\repository\org\apache\logging\log4j\log4j-api\2.17.0\log4j-api-2.17.0.jar;C:\Users\Lenovo\.m2\repository\org\slf4j\jul-to-slf4j\1.7.32\jul-to-slf4j-1.7.32.jar;C:\Users\Lenovo\.m2\repository\jakarta\annotation\jakarta.annotation-api\1.3.5\jakarta.annotation-api-1.3.5.jar;C:\Users\Lenovo\.m2\repository\org\yaml\snakeyaml\1.29\snakeyaml-1.29.jar;C:\Users\Lenovo\.m2\repository\org\springframework\boot\spring-boot-starter-json\2.6.2\spring-boot-starter-json-2.6.2.jar;C:\Users\Lenovo\.m2\repository\com\fasterxml\jackson\core\jackson-databind\2.13.1\jackson-databind-2.13.1.jar;C:\Users\Lenovo\.m2\repository\com\fasterxml\jackson\core\jackson-core\2.13.1\jackson-core-2.13.1.jar;C:\Users\Lenovo\.m2\repository\com\fasterxml\jackson\datatype\jackson-datatype-jdk8\2.13.1\jackson-datatype-jdk8-2.13.1.jar;C:\Users\Lenovo\.m2\repository\com\fasterxml\jackson\datatype\jackson-datatype-jsr310\2.13.1\jackson-datatype-jsr310-2.13.1.jar;C:\Users\Lenovo\.m2\repository\com\fasterxml\jackson\module\jackson-module-parameter-names\2.13.1\jackson
Launcher Type: SUN_STANDARD

[Global flags]
     intx CICompilerCount                          = 3                                         {product} {ergonomic}
     uint ConcGCThreads                            = 1                                         {product} {ergonomic}
     uint G1ConcRefinementThreads                  = 4                                         {product} {ergonomic}
   size_t G1HeapRegionSize                         = 2097152                                   {product} {ergonomic}
    uintx GCDrainStackTargetSize                   = 64                                        {product} {ergonomic}
   size_t InitialHeapSize                          = 266338304                                 {product} {ergonomic}
   size_t MarkStackSize                            = 4194304                                   {product} {ergonomic}
   size_t MaxHeapSize                              = 4257218560                                {product} {ergonomic}
   size_t MaxNewSize                               = 2554331136                                {product} {ergonomic}
   size_t MinHeapDeltaBytes                        = 2097152                                   {product} {ergonomic}
   size_t MinHeapSize                              = 8388608                                   {product} {ergonomic}
    uintx NonNMethodCodeHeapSize                   = 5832780                                {pd product} {ergonomic}
    uintx NonProfiledCodeHeapSize                  = 122912730                              {pd product} {ergonomic}
    uintx ProfiledCodeHeapSize                     = 122912730                              {pd product} {ergonomic}
    uintx ReservedCodeCacheSize                    = 251658240                              {pd product} {ergonomic}
     bool SegmentedCodeCache                       = true                                      {product} {ergonomic}
   size_t SoftMaxHeapSize                          = 4257218560                             {manageable} {ergonomic}
     bool UseCompressedClassPointers               = true                                 {lp64_product} {ergonomic}
     bool UseCompressedOops                        = true                                 {lp64_product} {ergonomic}
     bool UseG1GC                                  = true                                      {product} {ergonomic}
     bool UseLargePagesIndividualAllocation        = false                                  {pd product} {ergonomic}

Logging:
Log output configuration:
 #0: stdout all=warning uptime,level,tags
 #1: stderr all=off uptime,level,tags

Environment Variables:
JAVA_HOME=C:\Program Files\Java\jdk-15.0.2
PATH=C:\Program Files\ImageMagick-7.1.0-Q16-HDRI;C:\Program Files (x86)\Common Files\Oracle\Java\javapath;C:\ProgramData\Oracle\Java\javapath;C:\app\Administrator\virtual\product\19.0.0\dbhome_1\bin;C:\Program Files (x86)\Common Files\Intel\Shared Libraries\redist\intel64\compiler;C:\client;C:\WINDOWS.X64_193000_db_home\bin;C:\Program Files\Common Files\Oracle\Java\javapath;C:\Windows\system32;C:\Windows;C:\Windows\System32\Wbem;C:\Windows\System32\WindowsPowerShell\v1.0\;C:\Windows\System32\OpenSSH\;C:\xampp\php;C:\ProgramData\ComposerSetup\bin;C:\Program Files\Git\cmd;C:\Program Files (x86)\Microsoft SQL Server\150\DTS\Binn\;C:\Program Files\Azure Data Studio\bin;C:\src\flutter\bin;C:\Program Files (x86)\Microsoft SQL Server\150\Tools\Binn\;C:\Program Files\Microsoft SQL Server\150\Tools\Binn\;C:\Program Files\Microsoft SQL Server\150\DTS\Binn\;C:\Program Files\Microsoft SQL Server\Client SDK\ODBC\170\Tools\Binn\;C:\Program Files\dotnet\;C:\Program Files\Microsoft SQL Server\130\Tools\Binn\;C:\Program Files\Java\jdk-15.0.2\bin;C:\Program Files\nodejs\;C:\Users\Lenovo\AppData\Local\Pub\Cache\bin;C:\Program Files (x86)\Intel\Intel(R) Management Engine Components\DAL;C:\Program Files\Intel\Intel(R) Management Engine Components\DAL;C:\Program Files\PuTTY\;C:\Program Files\Microsoft\Web Platform Installer\;C:\Program Files\Docker\Docker\resources\bin;C:\ProgramData\DockerDesktop\version-bin;C:\Users\Lenovo\.cargo\bin;C:\Users\Lenovo\AppData\Local\Programs\Python\Python39\Scripts\;C:\Users\Lenovo\AppData\Local\Programs\Python\Python39\;C:\Users\Lenovo\AppData\Local\Microsoft\WindowsApps;C:\Users\Lenovo\AppData\Local\Programs\Microsoft VS Code\bin;C:\Program Files\JetBrains\IntelliJ IDEA Community Edition 2020.3.2\bin;;C:\Users\Lenovo\AppData\Roaming\Composer\vendor\bin;C:\Program Files\Azure Data Studio\bin;C:\src\flutter\bin;C:\Users\Lenovo\AppData\Roaming\npm;C:\instantclient_19_11;C:\Users\Lenovo\.dotnet\tools
USERNAME=Lenovo
OS=Windows_NT
PROCESSOR_IDENTIFIER=Intel64 Family 6 Model 78 Stepping 3, GenuineIntel



---------------  S Y S T E M  ---------------

OS:
 Windows 10 , 64 bit Build 19041 (10.0.19041.1348)
OS uptime: 0 days 9:27 hours
HyperV virtualization detected

CPU: total 4 (initial active 4) (2 cores per cpu, 2 threads per core) family 6 model 78 stepping 3 microcode 0xe2, cmov, cx8, fxsr, mmx, sse, sse2, sse3, ssse3, sse4.1, sse4.2, popcnt, vzeroupper, avx, avx2, aes, clmul, erms, rtm, 3dnowpref, lzcnt, ht, tsc, tscinvbit, bmi1, bmi2, adx, fma, clflush, clflushopt

Memory: 4k page, system-wide physical 16239M (3221M free)
TotalPageFile size 28373M (AvailPageFile size 3002M)
current process WorkingSet (physical memory assigned to process): 146M, peak: 198M
current process commit charge ("private bytes"): 186M, peak: 387M

vm_info: Java HotSpot(TM) 64-Bit Server VM (15.0.2+7-27) for windows-amd64 JRE (15.0.2+7-27), built on Dec  7 2020 20:07:01 by "mach5one" with unknown MS VC++:1925

END.
